<?xml version="1.0" encoding="UTF-8"?>
<testsuite xmlns:xsi="http://www.w3.org/2001/XMLSchema-instance" xsi:noNamespaceSchemaLocation="https://maven.apache.org/surefire/maven-surefire-plugin/xsd/surefire-test-report.xsd" name="Runner.TestRunner" time="35.314" tests="3" errors="0" skipped="0" failures="1">
  <properties>
[...]
</properties>
  <testcase name="Login válido de administrador" classname="Verificar la funcionalidad de login" time="12.12"/>
  <testcase name="Login invalido de administrado #1" classname="Verificar la funcionalidad de login" time="9.575">
    <failure message="Login de usuario incorrecto ha fallado expected:&lt;Usuario/C[ontraseña] incorrectos !&gt; but was:&lt;Usuario/C[lave] incorrectos !&gt;" type="org.junit.ComparisonFailure"><![CDATA[org.junit.ComparisonFailure: Login de usuario incorrecto ha fallado expected:<Usuario/C[ontraseña] incorrectos !> but was:<Usuario/C[lave] incorrectos !>
]]></failure>
    <system-out><![CDATA[
Esquema del escenario: Login invalido de administrado           # src/test/resources/Features/login.feature:18
  Dado que el usuario esta en la pagina de login                # StepDefinition.LoginSteps.que_el_usuario_esta_en_la_pagina_de_login()
  Cuando ingresa un "admin" invalido y una "admion123" erronea  # StepDefinition.LoginSteps.ingresa_un_invalido_y_una_erronea(java.lang.String,java.lang.String)
  Y presiona Ingresar                                           # StepDefinition.LoginSteps.presiona_ingresar()
  Entonces recibira un error "Usuario/ContraseÃ±a incorrectos !" # StepDefinition.LoginSteps.recibira_un_error(java.lang.String)
      org.junit.ComparisonFailure: Login de usuario incorrecto ha fallado expected:<Usuario/C[ontraseÃ±a] incorrectos !> but was:<Usuario/C[lave] incorrectos !>
	at org.junit.Assert.assertEquals(Assert.java:117)
	at StepDefinition.LoginSteps.recibira_un_error(LoginSteps.java:62)
	at âœ½.recibira un error "Usuario/ContraseÃ±a incorrectos !"(file:///C:/Users/Sebastian/Applications/Eclipse/TekhneFunctionalTesting/src/test/resources/Features/login.feature:14)

]]></system-out>
    <system-err><![CDATA[Starting ChromeDriver 87.0.4280.20 (c99e81631faa0b2a448e658c0dbd8311fb04ddbd-refs/branch-heads/4280@{#355}) on port 39874
Only local connections are allowed.
Please see https://chromedriver.chromium.org/security-considerations for suggestions on keeping ChromeDriver safe.
ChromeDriver was started successfully.
dic. 23, 2020 8:57:21 P. M. org.openqa.selenium.remote.ProtocolHandshake createSession
INFO: Detected dialect: W3C
dic. 23, 2020 8:57:21 P. M. org.openqa.selenium.devtools.CdpVersionFinder findNearestMatch
WARNING: Unable to find an exact match for CDP version 87, so returning the closest version found: 86
dic. 23, 2020 8:57:21 P. M. org.openqa.selenium.devtools.CdpVersionFinder findNearestMatch
INFO: Found CDP implementation for version 87 of 86
]]></system-err>
  </testcase>
  <testcase name="Login invalido de administrado #2" classname="Verificar la funcionalidad de login" time="10.198"/>
</testsuite>